c:\users\joshu\documents\repos\enginesassignment2\native_c++\metricslogger\metricslogger\x64\release\vc142.pdb
c:\users\joshu\documents\repos\enginesassignment2\native_c++\metricslogger\metricslogger\x64\release\wrapper.obj
c:\users\joshu\documents\repos\enginesassignment2\native_c++\metricslogger\metricslogger\x64\release\metricslogger.obj
c:\users\joshu\documents\repos\enginesassignment2\native_c++\metricslogger\x64\release\metricslogger.dll
c:\users\joshu\documents\repos\enginesassignment2\native_c++\metricslogger\x64\release\metricslogger.pdb
c:\users\joshu\documents\repos\enginesassignment2\native_c++\metricslogger\x64\release\metricslogger.lib
c:\users\joshu\documents\repos\enginesassignment2\native_c++\metricslogger\x64\release\metricslogger.exp
c:\users\joshu\documents\repos\enginesassignment2\native_c++\metricslogger\x64\release\metricslogger.ipdb
c:\users\joshu\documents\repos\enginesassignment2\native_c++\metricslogger\x64\release\metricslogger.iobj
c:\users\rsand\documents\repos\projectalakazam\projectalakazam\native_c++\metricslogger\metricslogger\x64\release\metricslogger.obj
c:\users\rsand\documents\repos\projectalakazam\projectalakazam\native_c++\metricslogger\metricslogger\x64\release\wrapper.obj
c:\users\rsand\documents\repos\projectalakazam\projectalakazam\native_c++\metricslogger\x64\release\metricslogger.dll
c:\users\rsand\documents\repos\projectalakazam\projectalakazam\native_c++\metricslogger\metricslogger\x64\release\metricslogger.tlog\cl.command.1.tlog
c:\users\rsand\documents\repos\projectalakazam\projectalakazam\native_c++\metricslogger\metricslogger\x64\release\metricslogger.tlog\cl.read.1.tlog
c:\users\rsand\documents\repos\projectalakazam\projectalakazam\native_c++\metricslogger\metricslogger\x64\release\metricslogger.tlog\cl.write.1.tlog
c:\users\rsand\documents\repos\projectalakazam\projectalakazam\native_c++\metricslogger\metricslogger\x64\release\metricslogger.tlog\link.command.1.tlog
c:\users\rsand\documents\repos\projectalakazam\projectalakazam\native_c++\metricslogger\metricslogger\x64\release\metricslogger.tlog\link.delete.1.tlog
c:\users\rsand\documents\repos\projectalakazam\projectalakazam\native_c++\metricslogger\metricslogger\x64\release\metricslogger.tlog\link.read.1.tlog
c:\users\rsand\documents\repos\projectalakazam\projectalakazam\native_c++\metricslogger\metricslogger\x64\release\metricslogger.tlog\link.write.1.tlog
c:\users\rsand\documents\repos\projectalakazam\projectalakazam\native_c++\metricslogger\metricslogger\x64\release\metricslogger.tlog\metricslogger.write.1u.tlog
